11-06-2025 20:26:13.799 INFO  [main] - FAQServiceTest.setup()         : ======= Starting FAQServiceTest in DoctorBot Test Suite =======
11-06-2025 20:26:13.855 ERROR [main] - FAQServiceTest.testFAQServiceWithNoWorkingHoursTag() : [ConfigLoadException] File not found: bad-faq-with-noworkinghours.json
11-06-2025 20:26:13.889 ERROR [main] - FAQServiceTest.testFAQServiceWhenNoFileHasSyntaxErrors() : [ConfigLoadException] File not found: bad-faq.json
11-06-2025 20:26:13.892 ERROR [main] - FAQServiceTest.testFAQServiceWhenNoFilePresent() : [ConfigLoadException] File not found: nonexistent.json
11-06-2025 21:17:20.506 INFO  [main] - FAQServiceTest.setup()         : ======= Starting FAQServiceTest in DoctorBot Test Suite =======
11-06-2025 21:17:20.571 ERROR [main] - FAQServiceTest.testFAQServiceWithNoWorkingHoursTag() : [ConfigLoadException] Unexpected error: File not found: bad-faq-with-noworkinghours.json
11-06-2025 21:17:20.603 ERROR [main] - FAQServiceTest.testFAQServiceWhenNoFileHasSyntaxErrors() : [ConfigLoadException] Unexpected error: File not found: bad-faq.json
11-06-2025 21:17:20.606 ERROR [main] - FAQServiceTest.testFAQServiceWhenNoFilePresent() : [ConfigLoadException] Unexpected error: File not found: nonexistent.json
11-06-2025 21:24:37.346 INFO  [main] - FAQServiceTest.setup()         : ======= Starting FAQServiceTest in DoctorBot Test Suite =======
11-06-2025 21:24:37.439 ERROR [main] - FAQServiceTest.testFAQServiceWithNoWorkingHoursTag() : [ConfigLoadException] Unexpected error: File not found: bad-faq-with-noworkinghours.json
11-06-2025 21:24:49.359 ERROR [main] - FAQServiceTest.testFAQServiceWhenNoFileHasSyntaxErrors() : [ConfigLoadException] Unexpected error: File not found: bad-faq.json
11-06-2025 21:27:02.607 INFO  [main] - FAQServiceTest.setup()         : ======= Starting FAQServiceTest in DoctorBot Test Suite =======
11-06-2025 21:27:02.688 ERROR [main] - FAQServiceTest.testFAQServiceWithNoWorkingHoursTag() : [ConfigLoadException] Unexpected error: File not found: bad-faq-with-noworkinghours.json
11-06-2025 21:28:59.594 INFO  [main] - FAQServiceTest.setup()         : ======= Starting FAQServiceTest in DoctorBot Test Suite =======
11-06-2025 21:28:59.672 ERROR [main] - FAQServiceTest.testFAQServiceWithNoWorkingHoursTag() : [TagNotFoundException] Tag 'working_hours' not found in faq/general/bad-faq-with-noworkinghours.json
11-06-2025 21:28:59.683 ERROR [main] - FAQServiceTest.testFAQServiceWhenNoFileHasSyntaxErrors() : [ConfigLoadException] Error reading config file: faq/general/bad-faq.json
11-06-2025 21:28:59.687 ERROR [main] - FAQServiceTest.testFAQServiceWhenNoFilePresent() : [ConfigLoadException] Unexpected error: File not found: nonexistent.json
11-06-2025 21:30:30.730 INFO  [main] - FAQServiceTest.setup()         : ======= Starting FAQServiceTest in DoctorBot Test Suite =======
11-06-2025 21:30:30.811 ERROR [main] - FAQServiceTest.testFAQServiceWhenFileHasSyntaxErrors() : [ConfigLoadException] Error reading config file: faq/general/bad-faq.json
11-06-2025 21:30:30.818 ERROR [main] - FAQServiceTest.testFAQServiceWithNoWorkingHoursTag() : [TagNotFoundException] Tag 'working_hours' not found in faq/general/bad-faq-with-noworkinghours.json
11-06-2025 21:30:30.825 ERROR [main] - FAQServiceTest.testFAQServiceWhenNoFilePresent() : [ConfigLoadException] Unexpected error: File not found: nonexistent.json
11-06-2025 21:32:36.940 INFO  [main] - FAQServiceTest.setup()         : ======= Starting FAQServiceTest in DoctorBot Test Suite =======
11-06-2025 21:32:49.725 INFO  [main] - FAQServiceTest.setup()         : ======= Starting FAQServiceTest in DoctorBot Test Suite =======
11-06-2025 21:35:18.922 INFO  [main] - FAQServiceTest.setup()         : ======= Starting FAQServiceTest in DoctorBot Test Suite =======
11-06-2025 21:35:19.002 ERROR [main] - FAQServiceTest.testFAQServiceWhenFileHasSyntaxErrors() : [ConfigLoadException] Error reading config file: faq/general/bad-faq.json
11-06-2025 21:35:19.003 ERROR [main] - LogUtil.logErrorDetails()      : [ConfigLoadException] Error reading config file: faq/general/bad-faq.json
11-06-2025 21:35:19.003 ERROR [main] -     at com.servion.doctorBot.util.JsonReader.readJSON(JsonReader.java:34)
11-06-2025 21:35:19.003 ERROR [main] -     at com.servion.doctorBot.faq.general.service.FAQService.<init>(FAQService.java:19)
11-06-2025 21:35:19.003 ERROR [main] -     at com.servion.doctorBot.faq.general.service.FAQServiceTest.testFAQServiceWhenFileHasSyntaxErrors(FAQServiceTest.java:51)
11-06-2025 21:35:19.003 ERROR [main] -     at java.base/jdk.internal.reflect.DirectMethodHandleAccessor.invoke(DirectMethodHandleAccessor.java:103)
11-06-2025 21:35:19.003 ERROR [main] -     at java.base/java.lang.reflect.Method.invoke(Method.java:580)
11-06-2025 21:35:19.003 ERROR [main] -     at org.junit.platform.commons.util.ReflectionUtils.invokeMethod(ReflectionUtils.java:725)
11-06-2025 21:35:19.003 ERROR [main] -     at org.junit.jupiter.engine.execution.MethodInvocation.proceed(MethodInvocation.java:60)
11-06-2025 21:35:19.003 ERROR [main] -     at org.junit.jupiter.engine.execution.InvocationInterceptorChain$ValidatingInvocation.proceed(InvocationInterceptorChain.java:131)
11-06-2025 21:35:19.003 ERROR [main] -     at org.junit.jupiter.engine.extension.TimeoutExtension.intercept(TimeoutExtension.java:149)
11-06-2025 21:35:19.003 ERROR [main] -     at org.junit.jupiter.engine.extension.TimeoutExtension.interceptTestableMethod(TimeoutExtension.java:140)
11-06-2025 21:35:19.003 ERROR [main] -     at org.junit.jupiter.engine.extension.TimeoutExtension.interceptTestMethod(TimeoutExtension.java:84)
11-06-2025 21:35:19.003 ERROR [main] -     at org.junit.jupiter.engine.execution.ExecutableInvoker$ReflectiveInterceptorCall.lambda$ofVoidMethod$0(ExecutableInvoker.java:115)
11-06-2025 21:35:19.003 ERROR [main] -     at org.junit.jupiter.engine.execution.ExecutableInvoker.lambda$invoke$0(ExecutableInvoker.java:105)
11-06-2025 21:35:19.003 ERROR [main] -     at org.junit.jupiter.engine.execution.InvocationInterceptorChain$InterceptedInvocation.proceed(InvocationInterceptorChain.java:106)
11-06-2025 21:35:19.003 ERROR [main] -     at org.junit.jupiter.engine.execution.InvocationInterceptorChain.proceed(InvocationInterceptorChain.java:64)
11-06-2025 21:35:19.003 ERROR [main] -     at org.junit.jupiter.engine.execution.InvocationInterceptorChain.chainAndInvoke(InvocationInterceptorChain.java:45)
11-06-2025 21:35:19.003 ERROR [main] -     at org.junit.jupiter.engine.execution.InvocationInterceptorChain.invoke(InvocationInterceptorChain.java:37)
11-06-2025 21:35:19.003 ERROR [main] -     at org.junit.jupiter.engine.execution.ExecutableInvoker.invoke(ExecutableInvoker.java:104)
11-06-2025 21:35:19.003 ERROR [main] -     at org.junit.jupiter.engine.execution.ExecutableInvoker.invoke(ExecutableInvoker.java:98)
11-06-2025 21:35:19.003 ERROR [main] -     at org.junit.jupiter.engine.descriptor.TestMethodTestDescriptor.lambda$invokeTestMethod$7(TestMethodTestDescriptor.java:214)
11-06-2025 21:35:19.003 ERROR [main] -     at org.junit.platform.engine.support.hierarchical.ThrowableCollector.execute(ThrowableCollector.java:73)
11-06-2025 21:35:19.003 ERROR [main] -     at org.junit.jupiter.engine.descriptor.TestMethodTestDescriptor.invokeTestMethod(TestMethodTestDescriptor.java:210)
11-06-2025 21:35:19.003 ERROR [main] -     at org.junit.jupiter.engine.descriptor.TestMethodTestDescriptor.execute(TestMethodTestDescriptor.java:135)
11-06-2025 21:35:19.003 ERROR [main] -     at org.junit.jupiter.engine.descriptor.TestMethodTestDescriptor.execute(TestMethodTestDescriptor.java:66)
11-06-2025 21:35:19.003 ERROR [main] -     at org.junit.platform.engine.support.hierarchical.NodeTestTask.lambda$executeRecursively$6(NodeTestTask.java:151)
11-06-2025 21:35:19.003 ERROR [main] -     at org.junit.platform.engine.support.hierarchical.ThrowableCollector.execute(ThrowableCollector.java:73)
11-06-2025 21:35:19.003 ERROR [main] -     at org.junit.platform.engine.support.hierarchical.NodeTestTask.lambda$executeRecursively$8(NodeTestTask.java:141)
11-06-2025 21:35:19.003 ERROR [main] -     at org.junit.platform.engine.support.hierarchical.Node.around(Node.java:137)
11-06-2025 21:35:19.003 ERROR [main] -     at org.junit.platform.engine.support.hierarchical.NodeTestTask.lambda$executeRecursively$9(NodeTestTask.java:139)
11-06-2025 21:35:19.003 ERROR [main] -     at org.junit.platform.engine.support.hierarchical.ThrowableCollector.execute(ThrowableCollector.java:73)
11-06-2025 21:35:19.003 ERROR [main] -     at org.junit.platform.engine.support.hierarchical.NodeTestTask.executeRecursively(NodeTestTask.java:138)
11-06-2025 21:35:19.003 ERROR [main] -     at org.junit.platform.engine.support.hierarchical.NodeTestTask.execute(NodeTestTask.java:95)
11-06-2025 21:35:19.003 ERROR [main] -     at java.base/java.util.ArrayList.forEach(ArrayList.java:1596)
11-06-2025 21:35:19.003 ERROR [main] -     at org.junit.platform.engine.support.hierarchical.SameThreadHierarchicalTestExecutorService.invokeAll(SameThreadHierarchicalTestExecutorService.java:41)
11-06-2025 21:35:19.003 ERROR [main] -     at org.junit.platform.engine.support.hierarchical.NodeTestTask.lambda$executeRecursively$6(NodeTestTask.java:155)
11-06-2025 21:35:19.003 ERROR [main] -     at org.junit.platform.engine.support.hierarchical.ThrowableCollector.execute(ThrowableCollector.java:73)
11-06-2025 21:35:19.003 ERROR [main] -     at org.junit.platform.engine.support.hierarchical.NodeTestTask.lambda$executeRecursively$8(NodeTestTask.java:141)
11-06-2025 21:35:19.003 ERROR [main] -     at org.junit.platform.engine.support.hierarchical.Node.around(Node.java:137)
11-06-2025 21:35:19.003 ERROR [main] -     at org.junit.platform.engine.support.hierarchical.NodeTestTask.lambda$executeRecursively$9(NodeTestTask.java:139)
11-06-2025 21:35:19.003 ERROR [main] -     at org.junit.platform.engine.support.hierarchical.ThrowableCollector.execute(ThrowableCollector.java:73)
11-06-2025 21:35:19.003 ERROR [main] -     at org.junit.platform.engine.support.hierarchical.NodeTestTask.executeRecursively(NodeTestTask.java:138)
11-06-2025 21:35:19.003 ERROR [main] -     at org.junit.platform.engine.support.hierarchical.NodeTestTask.execute(NodeTestTask.java:95)
11-06-2025 21:35:19.003 ERROR [main] -     at java.base/java.util.ArrayList.forEach(ArrayList.java:1596)
11-06-2025 21:35:19.003 ERROR [main] -     at org.junit.platform.engine.support.hierarchical.SameThreadHierarchicalTestExecutorService.invokeAll(SameThreadHierarchicalTestExecutorService.java:41)
11-06-2025 21:35:19.004 ERROR [main] -     at org.junit.platform.engine.support.hierarchical.NodeTestTask.lambda$executeRecursively$6(NodeTestTask.java:155)
11-06-2025 21:35:19.004 ERROR [main] -     at org.junit.platform.engine.support.hierarchical.ThrowableCollector.execute(ThrowableCollector.java:73)
11-06-2025 21:35:19.004 ERROR [main] -     at org.junit.platform.engine.support.hierarchical.NodeTestTask.lambda$executeRecursively$8(NodeTestTask.java:141)
11-06-2025 21:35:19.004 ERROR [main] -     at org.junit.platform.engine.support.hierarchical.Node.around(Node.java:137)
11-06-2025 21:35:19.004 ERROR [main] -     at org.junit.platform.engine.support.hierarchical.NodeTestTask.lambda$executeRecursively$9(NodeTestTask.java:139)
11-06-2025 21:35:19.004 ERROR [main] -     at org.junit.platform.engine.support.hierarchical.ThrowableCollector.execute(ThrowableCollector.java:73)
11-06-2025 21:35:19.004 ERROR [main] -     at org.junit.platform.engine.support.hierarchical.NodeTestTask.executeRecursively(NodeTestTask.java:138)
11-06-2025 21:35:19.004 ERROR [main] -     at org.junit.platform.engine.support.hierarchical.NodeTestTask.execute(NodeTestTask.java:95)
11-06-2025 21:35:19.004 ERROR [main] -     at org.junit.platform.engine.support.hierarchical.SameThreadHierarchicalTestExecutorService.submit(SameThreadHierarchicalTestExecutorService.java:35)
11-06-2025 21:35:19.004 ERROR [main] -     at org.junit.platform.engine.support.hierarchical.HierarchicalTestExecutor.execute(HierarchicalTestExecutor.java:57)
11-06-2025 21:35:19.004 ERROR [main] -     at org.junit.platform.engine.support.hierarchical.HierarchicalTestEngine.execute(HierarchicalTestEngine.java:54)
11-06-2025 21:35:19.004 ERROR [main] -     at org.junit.platform.launcher.core.EngineExecutionOrchestrator.execute(EngineExecutionOrchestrator.java:107)
11-06-2025 21:35:19.004 ERROR [main] -     at org.junit.platform.launcher.core.EngineExecutionOrchestrator.execute(EngineExecutionOrchestrator.java:88)
11-06-2025 21:35:19.004 ERROR [main] -     at org.junit.platform.launcher.core.EngineExecutionOrchestrator.lambda$execute$0(EngineExecutionOrchestrator.java:54)
11-06-2025 21:35:19.004 ERROR [main] -     at org.junit.platform.launcher.core.EngineExecutionOrchestrator.withInterceptedStreams(EngineExecutionOrchestrator.java:67)
11-06-2025 21:35:19.004 ERROR [main] -     at org.junit.platform.launcher.core.EngineExecutionOrchestrator.execute(EngineExecutionOrchestrator.java:52)
11-06-2025 21:35:19.004 ERROR [main] -     at org.junit.platform.launcher.core.DefaultLauncher.execute(DefaultLauncher.java:114)
11-06-2025 21:35:19.004 ERROR [main] -     at org.junit.platform.launcher.core.DefaultLauncher.execute(DefaultLauncher.java:95)
11-06-2025 21:35:19.004 ERROR [main] -     at org.junit.platform.launcher.core.DefaultLauncherSession$DelegatingLauncher.execute(DefaultLauncherSession.java:91)
11-06-2025 21:35:19.004 ERROR [main] -     at org.junit.platform.launcher.core.SessionPerRequestLauncher.execute(SessionPerRequestLauncher.java:60)
11-06-2025 21:35:19.004 ERROR [main] -     at org.eclipse.jdt.internal.junit5.runner.JUnit5TestReference.run(JUnit5TestReference.java:100)
11-06-2025 21:35:19.004 ERROR [main] -     at org.eclipse.jdt.internal.junit.runner.TestExecution.run(TestExecution.java:40)
11-06-2025 21:35:19.004 ERROR [main] -     at org.eclipse.jdt.internal.junit.runner.RemoteTestRunner.runTests(RemoteTestRunner.java:520)
11-06-2025 21:35:19.004 ERROR [main] -     at org.eclipse.jdt.internal.junit.runner.RemoteTestRunner.runTests(RemoteTestRunner.java:748)
11-06-2025 21:35:19.004 ERROR [main] -     at org.eclipse.jdt.internal.junit.runner.RemoteTestRunner.run(RemoteTestRunner.java:443)
11-06-2025 21:35:19.004 ERROR [main] -     at org.eclipse.jdt.internal.junit.runner.RemoteTestRunner.main(RemoteTestRunner.java:211)
11-06-2025 21:35:19.012 ERROR [main] - FAQServiceTest.testFAQServiceWithNoWorkingHoursTag() : [TagNotFoundException] Tag 'working_hours' not found in faq/general/bad-faq-with-noworkinghours.json
11-06-2025 21:35:19.019 ERROR [main] - FAQServiceTest.testFAQServiceWhenNoFilePresent() : [ConfigLoadException] Unexpected error: File not found: nonexistent.json
11-06-2025 21:37:56.325 INFO  [main] - FAQServiceTest.setup()         : ======= Starting FAQServiceTest in DoctorBot Test Suite =======
11-06-2025 21:37:56.400 ERROR [main] - FAQServiceTest.testFAQServiceWhenFileHasSyntaxErrors() : [ConfigLoadException] Error reading config file: faq/general/bad-faq.json
11-06-2025 21:37:56.401 ERROR [main] - Error reading config file: faq/general/bad-faq.json
com.servion.doctorBot.exception.ConfigLoadException: Error reading config file: faq/general/bad-faq.json
	at com.servion.doctorBot.util.JsonReader.readJSON(JsonReader.java:34)
	at com.servion.doctorBot.faq.general.service.FAQService.<init>(FAQService.java:19)
	at com.servion.doctorBot.faq.general.service.FAQServiceTest.testFAQServiceWhenFileHasSyntaxErrors(FAQServiceTest.java:51)
	at java.base/jdk.internal.reflect.DirectMethodHandleAccessor.invoke(DirectMethodHandleAccessor.java:103)
	at java.base/java.lang.reflect.Method.invoke(Method.java:580)
	at org.junit.platform.commons.util.ReflectionUtils.invokeMethod(ReflectionUtils.java:725)
	at org.junit.jupiter.engine.execution.MethodInvocation.proceed(MethodInvocation.java:60)
	at org.junit.jupiter.engine.execution.InvocationInterceptorChain$ValidatingInvocation.proceed(InvocationInterceptorChain.java:131)
	at org.junit.jupiter.engine.extension.TimeoutExtension.intercept(TimeoutExtension.java:149)
	at org.junit.jupiter.engine.extension.TimeoutExtension.interceptTestableMethod(TimeoutExtension.java:140)
	at org.junit.jupiter.engine.extension.TimeoutExtension.interceptTestMethod(TimeoutExtension.java:84)
	at org.junit.jupiter.engine.execution.ExecutableInvoker$ReflectiveInterceptorCall.lambda$ofVoidMethod$0(ExecutableInvoker.java:115)
	at org.junit.jupiter.engine.execution.ExecutableInvoker.lambda$invoke$0(ExecutableInvoker.java:105)
	at org.junit.jupiter.engine.execution.InvocationInterceptorChain$InterceptedInvocation.proceed(InvocationInterceptorChain.java:106)
	at org.junit.jupiter.engine.execution.InvocationInterceptorChain.proceed(InvocationInterceptorChain.java:64)
	at org.junit.jupiter.engine.execution.InvocationInterceptorChain.chainAndInvoke(InvocationInterceptorChain.java:45)
	at org.junit.jupiter.engine.execution.InvocationInterceptorChain.invoke(InvocationInterceptorChain.java:37)
	at org.junit.jupiter.engine.execution.ExecutableInvoker.invoke(ExecutableInvoker.java:104)
	at org.junit.jupiter.engine.execution.ExecutableInvoker.invoke(ExecutableInvoker.java:98)
	at org.junit.jupiter.engine.descriptor.TestMethodTestDescriptor.lambda$invokeTestMethod$7(TestMethodTestDescriptor.java:214)
	at org.junit.platform.engine.support.hierarchical.ThrowableCollector.execute(ThrowableCollector.java:73)
	at org.junit.jupiter.engine.descriptor.TestMethodTestDescriptor.invokeTestMethod(TestMethodTestDescriptor.java:210)
	at org.junit.jupiter.engine.descriptor.TestMethodTestDescriptor.execute(TestMethodTestDescriptor.java:135)
	at org.junit.jupiter.engine.descriptor.TestMethodTestDescriptor.execute(TestMethodTestDescriptor.java:66)
	at org.junit.platform.engine.support.hierarchical.NodeTestTask.lambda$executeRecursively$6(NodeTestTask.java:151)
	at org.junit.platform.engine.support.hierarchical.ThrowableCollector.execute(ThrowableCollector.java:73)
	at org.junit.platform.engine.support.hierarchical.NodeTestTask.lambda$executeRecursively$8(NodeTestTask.java:141)
	at org.junit.platform.engine.support.hierarchical.Node.around(Node.java:137)
	at org.junit.platform.engine.support.hierarchical.NodeTestTask.lambda$executeRecursively$9(NodeTestTask.java:139)
	at org.junit.platform.engine.support.hierarchical.ThrowableCollector.execute(ThrowableCollector.java:73)
	at org.junit.platform.engine.support.hierarchical.NodeTestTask.executeRecursively(NodeTestTask.java:138)
	at org.junit.platform.engine.support.hierarchical.NodeTestTask.execute(NodeTestTask.java:95)
	at java.base/java.util.ArrayList.forEach(ArrayList.java:1596)
	at org.junit.platform.engine.support.hierarchical.SameThreadHierarchicalTestExecutorService.invokeAll(SameThreadHierarchicalTestExecutorService.java:41)
	at org.junit.platform.engine.support.hierarchical.NodeTestTask.lambda$executeRecursively$6(NodeTestTask.java:155)
	at org.junit.platform.engine.support.hierarchical.ThrowableCollector.execute(ThrowableCollector.java:73)
	at org.junit.platform.engine.support.hierarchical.NodeTestTask.lambda$executeRecursively$8(NodeTestTask.java:141)
	at org.junit.platform.engine.support.hierarchical.Node.around(Node.java:137)
	at org.junit.platform.engine.support.hierarchical.NodeTestTask.lambda$executeRecursively$9(NodeTestTask.java:139)
	at org.junit.platform.engine.support.hierarchical.ThrowableCollector.execute(ThrowableCollector.java:73)
	at org.junit.platform.engine.support.hierarchical.NodeTestTask.executeRecursively(NodeTestTask.java:138)
	at org.junit.platform.engine.support.hierarchical.NodeTestTask.execute(NodeTestTask.java:95)
	at java.base/java.util.ArrayList.forEach(ArrayList.java:1596)
	at org.junit.platform.engine.support.hierarchical.SameThreadHierarchicalTestExecutorService.invokeAll(SameThreadHierarchicalTestExecutorService.java:41)
	at org.junit.platform.engine.support.hierarchical.NodeTestTask.lambda$executeRecursively$6(NodeTestTask.java:155)
	at org.junit.platform.engine.support.hierarchical.ThrowableCollector.execute(ThrowableCollector.java:73)
	at org.junit.platform.engine.support.hierarchical.NodeTestTask.lambda$executeRecursively$8(NodeTestTask.java:141)
	at org.junit.platform.engine.support.hierarchical.Node.around(Node.java:137)
	at org.junit.platform.engine.support.hierarchical.NodeTestTask.lambda$executeRecursively$9(NodeTestTask.java:139)
	at org.junit.platform.engine.support.hierarchical.ThrowableCollector.execute(ThrowableCollector.java:73)
	at org.junit.platform.engine.support.hierarchical.NodeTestTask.executeRecursively(NodeTestTask.java:138)
	at org.junit.platform.engine.support.hierarchical.NodeTestTask.execute(NodeTestTask.java:95)
	at org.junit.platform.engine.support.hierarchical.SameThreadHierarchicalTestExecutorService.submit(SameThreadHierarchicalTestExecutorService.java:35)
	at org.junit.platform.engine.support.hierarchical.HierarchicalTestExecutor.execute(HierarchicalTestExecutor.java:57)
	at org.junit.platform.engine.support.hierarchical.HierarchicalTestEngine.execute(HierarchicalTestEngine.java:54)
	at org.junit.platform.launcher.core.EngineExecutionOrchestrator.execute(EngineExecutionOrchestrator.java:107)
	at org.junit.platform.launcher.core.EngineExecutionOrchestrator.execute(EngineExecutionOrchestrator.java:88)
	at org.junit.platform.launcher.core.EngineExecutionOrchestrator.lambda$execute$0(EngineExecutionOrchestrator.java:54)
	at org.junit.platform.launcher.core.EngineExecutionOrchestrator.withInterceptedStreams(EngineExecutionOrchestrator.java:67)
	at org.junit.platform.launcher.core.EngineExecutionOrchestrator.execute(EngineExecutionOrchestrator.java:52)
	at org.junit.platform.launcher.core.DefaultLauncher.execute(DefaultLauncher.java:114)
	at org.junit.platform.launcher.core.DefaultLauncher.execute(DefaultLauncher.java:95)
	at org.junit.platform.launcher.core.DefaultLauncherSession$DelegatingLauncher.execute(DefaultLauncherSession.java:91)
	at org.junit.platform.launcher.core.SessionPerRequestLauncher.execute(SessionPerRequestLauncher.java:60)
	at org.eclipse.jdt.internal.junit5.runner.JUnit5TestReference.run(JUnit5TestReference.java:100)
	at org.eclipse.jdt.internal.junit.runner.TestExecution.run(TestExecution.java:40)
	at org.eclipse.jdt.internal.junit.runner.RemoteTestRunner.runTests(RemoteTestRunner.java:520)
	at org.eclipse.jdt.internal.junit.runner.RemoteTestRunner.runTests(RemoteTestRunner.java:748)
	at org.eclipse.jdt.internal.junit.runner.RemoteTestRunner.run(RemoteTestRunner.java:443)
	at org.eclipse.jdt.internal.junit.runner.RemoteTestRunner.main(RemoteTestRunner.java:211)
Caused by: com.fasterxml.jackson.databind.exc.UnrecognizedPropertyException: Unrecognized field "topic12" (class com.servion.doctorBot.faq.general.pojo.FAQEntry), not marked as ignorable (2 known properties: "answer", "topic"])
 at [Source: (BufferedInputStream); line: 4, column: 19] (through reference chain: com.servion.doctorBot.faq.general.pojo.FAQConfig["faq"]->java.util.ArrayList[0]->com.servion.doctorBot.faq.general.pojo.FAQEntry["topic12"])
	at com.fasterxml.jackson.databind.exc.UnrecognizedPropertyException.from(UnrecognizedPropertyException.java:61)
	at com.fasterxml.jackson.databind.DeserializationContext.handleUnknownProperty(DeserializationContext.java:1127)
	at com.fasterxml.jackson.databind.deser.std.StdDeserializer.handleUnknownProperty(StdDeserializer.java:2036)
	at com.fasterxml.jackson.databind.deser.BeanDeserializerBase.handleUnknownProperty(BeanDeserializerBase.java:1700)
	at com.fasterxml.jackson.databind.deser.BeanDeserializerBase.handleUnknownVanilla(BeanDeserializerBase.java:1678)
	at com.fasterxml.jackson.databind.deser.BeanDeserializer.vanillaDeserialize(BeanDeserializer.java:320)
	at com.fasterxml.jackson.databind.deser.BeanDeserializer.deserialize(BeanDeserializer.java:177)
	at com.fasterxml.jackson.databind.deser.std.CollectionDeserializer._deserializeFromArray(CollectionDeserializer.java:355)
	at com.fasterxml.jackson.databind.deser.std.CollectionDeserializer.deserialize(CollectionDeserializer.java:244)
	at com.fasterxml.jackson.databind.deser.std.CollectionDeserializer.deserialize(CollectionDeserializer.java:28)
	at com.fasterxml.jackson.databind.deser.impl.MethodProperty.deserializeAndSet(MethodProperty.java:129)
	at com.fasterxml.jackson.databind.deser.BeanDeserializer.vanillaDeserialize(BeanDeserializer.java:314)
	at com.fasterxml.jackson.databind.deser.BeanDeserializer.deserialize(BeanDeserializer.java:177)
	at com.fasterxml.jackson.databind.deser.DefaultDeserializationContext.readRootValue(DefaultDeserializationContext.java:323)
	at com.fasterxml.jackson.databind.ObjectMapper._readMapAndClose(ObjectMapper.java:4674)
	at com.fasterxml.jackson.databind.ObjectMapper.readValue(ObjectMapper.java:3666)
	at com.servion.doctorBot.util.JsonReader.readJSON(JsonReader.java:19)
	... 69 common frames omitted
11-06-2025 21:37:56.408 ERROR [main] - FAQServiceTest.testFAQServiceWithNoWorkingHoursTag() : [TagNotFoundException] Tag 'working_hours' not found in faq/general/bad-faq-with-noworkinghours.json
11-06-2025 21:37:56.415 ERROR [main] - FAQServiceTest.testFAQServiceWhenNoFilePresent() : [ConfigLoadException] Unexpected error: File not found: nonexistent.json
